<?xml version="1.0" encoding="UTF-8"?>
<!-- Generated by org.testng.reporters.JUnitXMLReporter -->
<testsuite hostname="Saif" name="Default test" tests="3" failures="0" timestamp="24 Aug 2018 12:17:51 GMT" time="32.37" errors="0">
  <testcase name="loaunchHomePageTest" time="11.272" classname="com.yahoo.mail.HomePageTest"/>
  <testcase name="yahooMailRegistrationTest" time="3.289" classname="com.yahoo.mail.HomePageTest"/>
  <testcase name="yahooMailRegistrationTest" time="3.288" classname="com.yahoo.mail.HomePageTest"/>
</testsuite> <!-- Default test -->
