<?xml version="1.0" encoding="UTF-8"?>
<!-- Generated by org.testng.reporters.JUnitXMLReporter -->
<testsuite hostname="Saif" name="Test" tests="3" failures="0" timestamp="24 Aug 2018 11:07:08 GMT" time="34.088" errors="0">
  <testcase name="loaunchHomePageTest" time="10.449" classname="com.yahoo.mail.HomePageTest"/>
  <testcase name="yahooMailRegistrationTest" time="6.328" classname="com.yahoo.mail.HomePageTest"/>
  <testcase name="yahooMailRegistrationTest" time="3.21" classname="com.yahoo.mail.HomePageTest"/>
</testsuite> <!-- Test -->
