<?xml version="1.0" encoding="UTF-8"?>
<testng-results skipped="0" failed="0" total="3" passed="3">
  <reporter-output>
  </reporter-output>
  <suite name="Default suite" duration-ms="32370" started-at="2018-08-24T12:17:19Z" finished-at="2018-08-24T12:17:51Z">
    <groups>
    </groups>
    <test name="Default test" duration-ms="32370" started-at="2018-08-24T12:17:19Z" finished-at="2018-08-24T12:17:51Z">
      <class name="com.yahoo.mail.HomePageTest">
        <test-method status="PASS" signature="loaunchBrowserTest()[pri:0, instance:com.yahoo.mail.HomePageTest@1ce92674]" name="loaunchBrowserTest" is-config="true" duration-ms="4702" started-at="2018-08-24T05:17:19Z" finished-at="2018-08-24T05:17:23Z">
          <reporter-output>
          </reporter-output>
        </test-method> <!-- loaunchBrowserTest -->
        <test-method status="PASS" signature="loaunchHomePageTest()[pri:0, instance:com.yahoo.mail.HomePageTest@1ce92674]" name="loaunchHomePageTest" duration-ms="11272" started-at="2018-08-24T05:17:23Z" finished-at="2018-08-24T05:17:35Z">
          <reporter-output>
          </reporter-output>
        </test-method> <!-- loaunchHomePageTest -->
        <test-method status="PASS" signature="tearDown()[pri:0, instance:com.yahoo.mail.HomePageTest@1ce92674]" name="tearDown" is-config="true" duration-ms="343" started-at="2018-08-24T05:17:35Z" finished-at="2018-08-24T05:17:35Z">
          <reporter-output>
          </reporter-output>
        </test-method> <!-- tearDown -->
        <test-method status="PASS" signature="loaunchBrowserTest()[pri:0, instance:com.yahoo.mail.HomePageTest@1ce92674]" name="loaunchBrowserTest" is-config="true" duration-ms="4138" started-at="2018-08-24T05:17:36Z" finished-at="2018-08-24T05:17:40Z">
          <reporter-output>
          </reporter-output>
        </test-method> <!-- loaunchBrowserTest -->
        <test-method status="PASS" signature="yahooMailRegistrationTest(java.lang.String, java.lang.String, java.lang.String, java.lang.String, java.lang.String, java.lang.String, java.lang.String, java.lang.String, java.lang.String)[pri:0, instance:com.yahoo.mail.HomePageTest@1ce92674]" name="yahooMailRegistrationTest" duration-ms="3289" started-at="2018-08-24T05:17:40Z" data-provider="getTestData" finished-at="2018-08-24T05:17:43Z">
          <params>
            <param index="0">
              <value>
                <![CDATA[Harun]]>
              </value>
            </param>
            <param index="1">
              <value>
                <![CDATA[Babu]]>
              </value>
            </param>
            <param index="2">
              <value>
                <![CDATA[harunbabumohammad]]>
              </value>
            </param>
            <param index="3">
              <value>
                <![CDATA[123456789]]>
              </value>
            </param>
            <param index="4">
              <value>
                <![CDATA[2147483647]]>
              </value>
            </param>
            <param index="5">
              <value>
                <![CDATA[April]]>
              </value>
            </param>
            <param index="6">
              <value>
                <![CDATA[21]]>
              </value>
            </param>
            <param index="7">
              <value>
                <![CDATA[1977]]>
              </value>
            </param>
            <param index="8">
              <value>
                <![CDATA[male]]>
              </value>
            </param>
          </params>
          <reporter-output>
          </reporter-output>
        </test-method> <!-- yahooMailRegistrationTest -->
        <test-method status="PASS" signature="tearDown()[pri:0, instance:com.yahoo.mail.HomePageTest@1ce92674]" name="tearDown" is-config="true" duration-ms="284" started-at="2018-08-24T05:17:43Z" finished-at="2018-08-24T05:17:43Z">
          <reporter-output>
          </reporter-output>
        </test-method> <!-- tearDown -->
        <test-method status="PASS" signature="loaunchBrowserTest()[pri:0, instance:com.yahoo.mail.HomePageTest@1ce92674]" name="loaunchBrowserTest" is-config="true" duration-ms="4152" started-at="2018-08-24T05:17:43Z" finished-at="2018-08-24T05:17:47Z">
          <reporter-output>
          </reporter-output>
        </test-method> <!-- loaunchBrowserTest -->
        <test-method status="PASS" signature="yahooMailRegistrationTest(java.lang.String, java.lang.String, java.lang.String, java.lang.String, java.lang.String, java.lang.String, java.lang.String, java.lang.String, java.lang.String)[pri:0, instance:com.yahoo.mail.HomePageTest@1ce92674]" name="yahooMailRegistrationTest" duration-ms="3288" started-at="2018-08-24T05:17:47Z" data-provider="getTestData" finished-at="2018-08-24T05:17:51Z">
          <params>
            <param index="0">
              <value>
                <![CDATA[Babu]]>
              </value>
            </param>
            <param index="1">
              <value>
                <![CDATA[Harun]]>
              </value>
            </param>
            <param index="2">
              <value>
                <![CDATA[mohammadharunbabu]]>
              </value>
            </param>
            <param index="3">
              <value>
                <![CDATA[123456789]]>
              </value>
            </param>
            <param index="4">
              <value>
                <![CDATA[2147483647]]>
              </value>
            </param>
            <param index="5">
              <value>
                <![CDATA[December]]>
              </value>
            </param>
            <param index="6">
              <value>
                <![CDATA[21]]>
              </value>
            </param>
            <param index="7">
              <value>
                <![CDATA[1980]]>
              </value>
            </param>
            <param index="8">
              <value>
                <![CDATA[male]]>
              </value>
            </param>
          </params>
          <reporter-output>
          </reporter-output>
        </test-method> <!-- yahooMailRegistrationTest -->
        <test-method status="PASS" signature="tearDown()[pri:0, instance:com.yahoo.mail.HomePageTest@1ce92674]" name="tearDown" is-config="true" duration-ms="257" started-at="2018-08-24T05:17:51Z" finished-at="2018-08-24T05:17:51Z">
          <reporter-output>
          </reporter-output>
        </test-method> <!-- tearDown -->
      </class> <!-- com.yahoo.mail.HomePageTest -->
    </test> <!-- Default test -->
  </suite> <!-- Default suite -->
</testng-results>
